2021-02-12 22:38:44.842  INFO 18904 --- [restartedMain] c.C.a.s.StudentAdmissionApplication      : Starting StudentAdmissionApplication using Java 1.8.0_211 on DESKTOP-N5VA959 with PID 18904 (C:\Users\User\studentAdmission\target\classes started by User in C:\Users\User\studentAdmission)
2021-02-12 22:38:44.862  INFO 18904 --- [restartedMain] c.C.a.s.StudentAdmissionApplication      : No active profile set, falling back to default profiles: default
2021-02-12 22:38:45.014  INFO 18904 --- [restartedMain] o.s.b.devtools.restart.ChangeableUrls    : The Class-Path manifest attribute in C:\Users\User\.m2\repository\com\oracle\database\jdbc\ojdbc8\19.8.0.0\ojdbc8-19.8.0.0.jar referenced one or more files that do not exist: file:/C:/Users/User/.m2/repository/com/oracle/database/jdbc/ojdbc8/19.8.0.0/oraclepki.jar
2021-02-12 22:38:45.034  INFO 18904 --- [restartedMain] .e.DevToolsPropertyDefaultsPostProcessor : Devtools property defaults active! Set 'spring.devtools.add-properties' to 'false' to disable
2021-02-12 22:38:45.037  INFO 18904 --- [restartedMain] .e.DevToolsPropertyDefaultsPostProcessor : For additional web related logging consider setting the 'logging.level.web' property to 'DEBUG'
2021-02-12 22:38:47.057  INFO 18904 --- [restartedMain] .s.d.r.c.RepositoryConfigurationDelegate : Bootstrapping Spring Data JPA repositories in DEFERRED mode.
2021-02-12 22:38:47.294  INFO 18904 --- [restartedMain] .s.d.r.c.RepositoryConfigurationDelegate : Finished Spring Data repository scanning in 212 ms. Found 6 JPA repository interfaces.
2021-02-12 22:38:49.971  INFO 18904 --- [restartedMain] o.s.b.w.embedded.tomcat.TomcatWebServer  : Tomcat initialized with port(s): 8088 (http)
2021-02-12 22:38:50.008  INFO 18904 --- [restartedMain] o.apache.catalina.core.StandardService   : Starting service [Tomcat]
2021-02-12 22:38:50.008  INFO 18904 --- [restartedMain] org.apache.catalina.core.StandardEngine  : Starting Servlet engine: [Apache Tomcat/9.0.39]
2021-02-12 22:38:50.302  INFO 18904 --- [restartedMain] o.a.c.c.C.[Tomcat].[localhost].[/]       : Initializing Spring embedded WebApplicationContext
2021-02-12 22:38:50.302  INFO 18904 --- [restartedMain] w.s.c.ServletWebServerApplicationContext : Root WebApplicationContext: initialization completed in 5264 ms
2021-02-12 22:38:51.114  INFO 18904 --- [restartedMain] o.s.s.concurrent.ThreadPoolTaskExecutor  : Initializing ExecutorService 'applicationTaskExecutor'
2021-02-12 22:38:51.278  INFO 18904 --- [task-1] o.hibernate.jpa.internal.util.LogHelper  : HHH000204: Processing PersistenceUnitInfo [name: default]
2021-02-12 22:38:51.391  WARN 18904 --- [restartedMain] JpaBaseConfiguration$JpaWebConfiguration : spring.jpa.open-in-view is enabled by default. Therefore, database queries may be performed during view rendering. Explicitly configure spring.jpa.open-in-view to disable this warning
2021-02-12 22:38:51.454  INFO 18904 --- [task-1] org.hibernate.Version                    : HHH000412: Hibernate ORM core version 5.4.23.Final
2021-02-12 22:38:51.856  INFO 18904 --- [task-1] o.hibernate.annotations.common.Version   : HCANN000001: Hibernate Commons Annotations {5.1.2.Final}
2021-02-12 22:38:52.006  INFO 18904 --- [restartedMain] o.s.s.web.DefaultSecurityFilterChain     : Will secure any request with [org.springframework.security.web.context.request.async.WebAsyncManagerIntegrationFilter@2a06c538, org.springframework.security.web.context.SecurityContextPersistenceFilter@7a501428, org.springframework.security.web.header.HeaderWriterFilter@7bf564dc, org.springframework.security.web.csrf.CsrfFilter@15699db0, org.springframework.security.web.authentication.logout.LogoutFilter@162a84a0, org.springframework.security.web.authentication.UsernamePasswordAuthenticationFilter@c815b61, org.springframework.security.web.savedrequest.RequestCacheAwareFilter@1479cc7a, org.springframework.security.web.servletapi.SecurityContextHolderAwareRequestFilter@5420fa52, org.springframework.security.web.authentication.AnonymousAuthenticationFilter@17a0537e, org.springframework.security.web.session.SessionManagementFilter@3d0449b5, org.springframework.security.web.access.ExceptionTranslationFilter@31170a57, org.springframework.security.web.access.intercept.FilterSecurityInterceptor@4be2ecc2]
2021-02-12 22:38:52.201  INFO 18904 --- [task-1] com.zaxxer.hikari.HikariDataSource       : HikariPool-1 - Starting...
2021-02-12 22:38:52.212  WARN 18904 --- [task-1] com.zaxxer.hikari.util.DriverDataSource  : Registered driver with driverClassName=oracle.jdbc.driver.OracleDriver was not found, trying direct instantiation.
2021-02-12 22:38:52.621  INFO 18904 --- [restartedMain] o.s.b.a.w.s.WelcomePageHandlerMapping    : Adding welcome page template: index
2021-02-12 22:38:54.248  INFO 18904 --- [restartedMain] o.s.b.d.a.OptionalLiveReloadServer       : LiveReload server is running on port 35729
2021-02-12 22:38:54.342  INFO 18904 --- [restartedMain] o.s.b.w.embedded.tomcat.TomcatWebServer  : Tomcat started on port(s): 8088 (http) with context path ''
2021-02-12 22:38:54.351  INFO 18904 --- [restartedMain] DeferredRepositoryInitializationListener : Triggering deferred initialization of Spring Data repositories…
2021-02-12 22:38:54.463  INFO 18904 --- [task-1] com.zaxxer.hikari.HikariDataSource       : HikariPool-1 - Start completed.
2021-02-12 22:38:54.534  INFO 18904 --- [task-1] org.hibernate.dialect.Dialect            : HHH000400: Using dialect: org.hibernate.dialect.Oracle12cDialect
2021-02-12 22:38:57.743  INFO 18904 --- [task-1] o.h.e.t.j.p.i.JtaPlatformInitiator       : HHH000490: Using JtaPlatform implementation: [org.hibernate.engine.transaction.jta.platform.internal.NoJtaPlatform]
2021-02-12 22:38:57.768  INFO 18904 --- [task-1] j.LocalContainerEntityManagerFactoryBean : Initialized JPA EntityManagerFactory for persistence unit 'default'
2021-02-12 22:38:58.743  INFO 18904 --- [restartedMain] DeferredRepositoryInitializationListener : Spring Data repositories initialized!
2021-02-12 22:38:58.762  INFO 18904 --- [restartedMain] c.C.a.s.StudentAdmissionApplication      : Started StudentAdmissionApplication in 14.456 seconds (JVM running for 15.142)
