2021-02-12 22:34:44.445  INFO 16492 --- [restartedMain] c.C.a.s.StudentAdmissionApplication      : Starting StudentAdmissionApplication using Java 1.8.0_211 on DESKTOP-N5VA959 with PID 16492 (C:\Users\User\studentAdmission\target\classes started by User in C:\Users\User\studentAdmission)
2021-02-12 22:34:44.457  INFO 16492 --- [restartedMain] c.C.a.s.StudentAdmissionApplication      : No active profile set, falling back to default profiles: default
2021-02-12 22:34:44.610  INFO 16492 --- [restartedMain] o.s.b.devtools.restart.ChangeableUrls    : The Class-Path manifest attribute in C:\Users\User\.m2\repository\com\oracle\database\jdbc\ojdbc8\19.8.0.0\ojdbc8-19.8.0.0.jar referenced one or more files that do not exist: file:/C:/Users/User/.m2/repository/com/oracle/database/jdbc/ojdbc8/19.8.0.0/oraclepki.jar
2021-02-12 22:34:44.612  INFO 16492 --- [restartedMain] .e.DevToolsPropertyDefaultsPostProcessor : Devtools property defaults active! Set 'spring.devtools.add-properties' to 'false' to disable
2021-02-12 22:34:44.612  INFO 16492 --- [restartedMain] .e.DevToolsPropertyDefaultsPostProcessor : For additional web related logging consider setting the 'logging.level.web' property to 'DEBUG'
2021-02-12 22:34:46.897  INFO 16492 --- [restartedMain] .s.d.r.c.RepositoryConfigurationDelegate : Bootstrapping Spring Data JPA repositories in DEFERRED mode.
2021-02-12 22:34:47.175  INFO 16492 --- [restartedMain] .s.d.r.c.RepositoryConfigurationDelegate : Finished Spring Data repository scanning in 249 ms. Found 6 JPA repository interfaces.
2021-02-12 22:34:50.088  INFO 16492 --- [restartedMain] o.s.b.w.embedded.tomcat.TomcatWebServer  : Tomcat initialized with port(s): 8088 (http)
2021-02-12 22:34:50.126  INFO 16492 --- [restartedMain] o.apache.catalina.core.StandardService   : Starting service [Tomcat]
2021-02-12 22:34:50.127  INFO 16492 --- [restartedMain] org.apache.catalina.core.StandardEngine  : Starting Servlet engine: [Apache Tomcat/9.0.39]
2021-02-12 22:34:50.438  INFO 16492 --- [restartedMain] o.a.c.c.C.[Tomcat].[localhost].[/]       : Initializing Spring embedded WebApplicationContext
2021-02-12 22:34:50.438  INFO 16492 --- [restartedMain] w.s.c.ServletWebServerApplicationContext : Root WebApplicationContext: initialization completed in 5824 ms
2021-02-12 22:34:51.283  INFO 16492 --- [restartedMain] o.s.s.concurrent.ThreadPoolTaskExecutor  : Initializing ExecutorService 'applicationTaskExecutor'
2021-02-12 22:34:51.459  INFO 16492 --- [task-1] o.hibernate.jpa.internal.util.LogHelper  : HHH000204: Processing PersistenceUnitInfo [name: default]
2021-02-12 22:34:51.578  WARN 16492 --- [restartedMain] JpaBaseConfiguration$JpaWebConfiguration : spring.jpa.open-in-view is enabled by default. Therefore, database queries may be performed during view rendering. Explicitly configure spring.jpa.open-in-view to disable this warning
2021-02-12 22:34:51.761  INFO 16492 --- [task-1] org.hibernate.Version                    : HHH000412: Hibernate ORM core version 5.4.23.Final
2021-02-12 22:34:52.294  INFO 16492 --- [task-1] o.hibernate.annotations.common.Version   : HCANN000001: Hibernate Commons Annotations {5.1.2.Final}
2021-02-12 22:34:52.371  INFO 16492 --- [restartedMain] o.s.s.web.DefaultSecurityFilterChain     : Will secure any request with [org.springframework.security.web.context.request.async.WebAsyncManagerIntegrationFilter@7d792333, org.springframework.security.web.context.SecurityContextPersistenceFilter@5ba45592, org.springframework.security.web.header.HeaderWriterFilter@1b2ee4c3, org.springframework.security.web.csrf.CsrfFilter@25443cd, org.springframework.security.web.authentication.logout.LogoutFilter@3d89fc16, org.springframework.security.web.authentication.UsernamePasswordAuthenticationFilter@6b48c67b, org.springframework.security.web.savedrequest.RequestCacheAwareFilter@6da65974, org.springframework.security.web.servletapi.SecurityContextHolderAwareRequestFilter@32bb1d1c, org.springframework.security.web.authentication.AnonymousAuthenticationFilter@5dbed5c5, org.springframework.security.web.session.SessionManagementFilter@6acf6f78, org.springframework.security.web.access.ExceptionTranslationFilter@378b56, org.springframework.security.web.access.intercept.FilterSecurityInterceptor@8cf525a]
2021-02-12 22:34:52.704  INFO 16492 --- [task-1] com.zaxxer.hikari.HikariDataSource       : HikariPool-1 - Starting...
2021-02-12 22:34:52.716  WARN 16492 --- [task-1] com.zaxxer.hikari.util.DriverDataSource  : Registered driver with driverClassName=oracle.jdbc.driver.OracleDriver was not found, trying direct instantiation.
2021-02-12 22:34:53.071  INFO 16492 --- [restartedMain] o.s.b.a.w.s.WelcomePageHandlerMapping    : Adding welcome page template: index
2021-02-12 22:34:55.434  INFO 16492 --- [restartedMain] o.s.b.d.a.OptionalLiveReloadServer       : LiveReload server is running on port 35729
2021-02-12 22:34:55.626  INFO 16492 --- [restartedMain] o.s.b.w.embedded.tomcat.TomcatWebServer  : Tomcat started on port(s): 8088 (http) with context path ''
2021-02-12 22:34:55.633  INFO 16492 --- [restartedMain] DeferredRepositoryInitializationListener : Triggering deferred initialization of Spring Data repositories…
2021-02-12 22:34:56.163  INFO 16492 --- [task-1] com.zaxxer.hikari.HikariDataSource       : HikariPool-1 - Start completed.
2021-02-12 22:34:56.267  INFO 16492 --- [task-1] org.hibernate.dialect.Dialect            : HHH000400: Using dialect: org.hibernate.dialect.Oracle12cDialect
2021-02-12 22:35:14.010  INFO 16492 --- [task-1] o.h.e.t.j.p.i.JtaPlatformInitiator       : HHH000490: Using JtaPlatform implementation: [org.hibernate.engine.transaction.jta.platform.internal.NoJtaPlatform]
2021-02-12 22:35:14.028  INFO 16492 --- [task-1] j.LocalContainerEntityManagerFactoryBean : Initialized JPA EntityManagerFactory for persistence unit 'default'
2021-02-12 22:35:14.675  INFO 16492 --- [restartedMain] DeferredRepositoryInitializationListener : Spring Data repositories initialized!
2021-02-12 22:35:14.683  INFO 16492 --- [restartedMain] c.C.a.s.StudentAdmissionApplication      : Started StudentAdmissionApplication in 31.531 seconds (JVM running for 34.792)
